# JRE version: Java(TM) SE Runtime Environment (8.0_65-b17) (build 1.8.0_65-b17)
# Java VM: Java HotSpot(TM) 64-Bit Server VM (25.65-b01 mixed mode windows-amd64 compressed oops)
Heap:
 PSYoungGen      total 235520K, used 52331K [0x00000000eab00000, 0x00000000fea80000, 0x0000000100000000)
  eden space 186880K, 28% used [0x00000000eab00000,0x00000000ede1ada8,0x00000000f6180000)
  from space 48640K, 0% used [0x00000000fbb00000,0x00000000fbb00000,0x00000000fea80000)
  to   space 70144K, 0% used [0x00000000f6180000,0x00000000f6180000,0x00000000fa600000)
 ParOldGen       total 236544K, used 122338K [0x00000000c0000000, 0x00000000ce700000, 0x00000000eab00000)
  object space 236544K, 51% used [0x00000000c0000000,0x00000000c7778a00,0x00000000ce700000)
 Metaspace       used 6554K, capacity 7256K, committed 7424K, reserved 1056768K
  class space    used 624K, capacity 656K, committed 768K, reserved 1048576K
GC Heap History (10 events):
Event: 30.199 GC heap before
{Heap before GC invocations=12 (full 2):
 PSYoungGen      total 144384K, used 134807K [0x00000000eab00000, 0x00000000fb280000, 0x0000000100000000)
  eden space 119296K, 100% used [0x00000000eab00000,0x00000000f1f80000,0x00000000f1f80000)
  from space 25088K, 61% used [0x00000000f1f80000,0x00000000f2ea5c00,0x00000000f3800000)
  to   space 47616K, 0% used [0x00000000f8400000,0x00000000f8400000,0x00000000fb280000)
 ParOldGen       total 149504K, used 89218K [0x00000000c0000000, 0x00000000c9200000, 0x00000000eab00000)
  object space 149504K, 59% used [0x00000000c0000000,0x00000000c5720b00,0x00000000c9200000)
 Metaspace       used 6534K, capacity 7192K, committed 7424K, reserved 1056768K
  class space    used 622K, capacity 656K, committed 768K, reserved 1048576K
Event: 30.807 GC heap after
Heap after GC invocations=12 (full 2):
 PSYoungGen      total 203264K, used 47606K [0x00000000eab00000, 0x00000000fc200000, 0x0000000100000000)
  eden space 155648K, 0% used [0x00000000eab00000,0x00000000eab00000,0x00000000f4300000)
  from space 47616K, 99% used [0x00000000f8400000,0x00000000fb27d808,0x00000000fb280000)
  to   space 65024K, 0% used [0x00000000f4300000,0x00000000f4300000,0x00000000f8280000)
 ParOldGen       total 149504K, used 113162K [0x00000000c0000000, 0x00000000c9200000, 0x00000000eab00000)
  object space 149504K, 75% used [0x00000000c0000000,0x00000000c6e82b00,0x00000000c9200000)
 Metaspace       used 6534K, capacity 7192K, committed 7424K, reserved 1056768K
  class space    used 622K, capacity 656K, committed 768K, reserved 1048576K
}
Event: 31.890 GC heap before
{Heap before GC invocations=13 (full 2):
 PSYoungGen      total 203264K, used 203254K [0x00000000eab00000, 0x00000000fc200000, 0x0000000100000000)
  eden space 155648K, 100% used [0x00000000eab00000,0x00000000f4300000,0x00000000f4300000)
  from space 47616K, 99% used [0x00000000f8400000,0x00000000fb27d808,0x00000000fb280000)
  to   space 65024K, 0% used [0x00000000f4300000,0x00000000f4300000,0x00000000f8280000)
 ParOldGen       total 149504K, used 113162K [0x00000000c0000000, 0x00000000c9200000, 0x00000000eab00000)
  object space 149504K, 75% used [0x00000000c0000000,0x00000000c6e82b00,0x00000000c9200000)
 Metaspace       used 6546K, capacity 7256K, committed 7424K, reserved 1056768K
  class space    used 624K, capacity 656K, committed 768K, reserved 1048576K
Event: 32.567 GC heap after
Heap after GC invocations=13 (full 2):
 PSYoungGen      total 220672K, used 49596K [0x00000000eab00000, 0x0000000100000000, 0x0000000100000000)
  eden space 155648K, 0% used [0x00000000eab00000,0x00000000eab00000,0x00000000f4300000)
  from space 65024K, 76% used [0x00000000f4300000,0x00000000f736f218,0x00000000f8280000)
  to   space 70656K, 0% used [0x00000000fbb00000,0x00000000fbb00000,0x0000000100000000)
 ParOldGen       total 162816K, used 162773K [0x00000000c0000000, 0x00000000c9f00000, 0x00000000eab00000)
  object space 162816K, 99% used [0x00000000c0000000,0x00000000c9ef5708,0x00000000c9f00000)
 Metaspace       used 6546K, capacity 7256K, committed 7424K, reserved 1056768K
  class space    used 624K, capacity 656K, committed 768K, reserved 1048576K
}
Event: 32.567 GC heap before
{Heap before GC invocations=14 (full 3):
 PSYoungGen      total 220672K, used 49596K [0x00000000eab00000, 0x0000000100000000, 0x0000000100000000)
  eden space 155648K, 0% used [0x00000000eab00000,0x00000000eab00000,0x00000000f4300000)
  from space 65024K, 76% used [0x00000000f4300000,0x00000000f736f218,0x00000000f8280000)
  to   space 70656K, 0% used [0x00000000fbb00000,0x00000000fbb00000,0x0000000100000000)
 ParOldGen       total 162816K, used 162773K [0x00000000c0000000, 0x00000000c9f00000, 0x00000000eab00000)
  object space 162816K, 99% used [0x00000000c0000000,0x00000000c9ef5708,0x00000000c9f00000)
 Metaspace       used 6546K, capacity 7256K, committed 7424K, reserved 1056768K
  class space    used 624K, capacity 656K, committed 768K, reserved 1048576K
Event: 45.570 GC heap after
Heap after GC invocations=14 (full 3):
 PSYoungGen      total 220672K, used 42063K [0x00000000eab00000, 0x0000000100000000, 0x0000000100000000)
  eden space 155648K, 0% used [0x00000000eab00000,0x00000000eab00000,0x00000000f4300000)
  from space 65024K, 64% used [0x00000000f4300000,0x00000000f6c13e98,0x00000000f8280000)
  to   space 70656K, 0% used [0x00000000fbb00000,0x00000000fbb00000,0x0000000100000000)
 ParOldGen       total 251392K, used 162522K [0x00000000c0000000, 0x00000000cf580000, 0x00000000eab00000)
  object space 251392K, 64% used [0x00000000c0000000,0x00000000c9eb6998,0x00000000cf580000)
 Metaspace       used 6546K, capacity 7256K, committed 7424K, reserved 1056768K
  class space    used 624K, capacity 656K, committed 768K, reserved 1048576K
}
Event: 49.679 GC heap before
{Heap before GC invocations=15 (full 3):
 PSYoungGen      total 220672K, used 197711K [0x00000000eab00000, 0x0000000100000000, 0x0000000100000000)
  eden space 155648K, 100% used [0x00000000eab00000,0x00000000f4300000,0x00000000f4300000)
  from space 65024K, 64% used [0x00000000f4300000,0x00000000f6c13e98,0x00000000f8280000)
  to   space 70656K, 0% used [0x00000000fbb00000,0x00000000fbb00000,0x0000000100000000)
 ParOldGen       total 251392K, used 162522K [0x00000000c0000000, 0x00000000cf580000, 0x00000000eab00000)
  object space 251392K, 64% used [0x00000000c0000000,0x00000000c9eb6998,0x00000000cf580000)
 Metaspace       used 6548K, capacity 7256K, committed 7424K, reserved 1056768K
  class space    used 624K, capacity 656K, committed 768K, reserved 1048576K
Event: 50.888 GC heap after
Heap after GC invocations=15 (full 3):
 PSYoungGen      total 235520K, used 34799K [0x00000000eab00000, 0x00000000fea80000, 0x0000000100000000)
  eden space 186880K, 0% used [0x00000000eab00000,0x00000000eab00000,0x00000000f6180000)
  from space 48640K, 71% used [0x00000000fbb00000,0x00000000fdcfbcb8,0x00000000fea80000)
  to   space 70144K, 0% used [0x00000000f6180000,0x00000000f6180000,0x00000000fa600000)
 ParOldGen       total 251392K, used 203020K [0x00000000c0000000, 0x00000000cf580000, 0x00000000eab00000)
  object space 251392K, 80% used [0x00000000c0000000,0x00000000cc6433d0,0x00000000cf580000)
 Metaspace       used 6548K, capacity 7256K, committed 7424K, reserved 1056768K
  class space    used 624K, capacity 656K, committed 768K, reserved 1048576K
}
Event: 50.888 GC heap before
{Heap before GC invocations=16 (full 4):
 PSYoungGen      total 235520K, used 34799K [0x00000000eab00000, 0x00000000fea80000, 0x0000000100000000)
  eden space 186880K, 0% used [0x00000000eab00000,0x00000000eab00000,0x00000000f6180000)
  from space 48640K, 71% used [0x00000000fbb00000,0x00000000fdcfbcb8,0x00000000fea80000)
  to   space 70144K, 0% used [0x00000000f6180000,0x00000000f6180000,0x00000000fa600000)
 ParOldGen       total 251392K, used 203020K [0x00000000c0000000, 0x00000000cf580000, 0x00000000eab00000)
  object space 251392K, 80% used [0x00000000c0000000,0x00000000cc6433d0,0x00000000cf580000)
 Metaspace       used 6548K, capacity 7256K, committed 7424K, reserved 1056768K
  class space    used 624K, capacity 656K, committed 768K, reserved 1048576K
Event: 54.292 GC heap after
Heap after GC invocations=16 (full 4):
 PSYoungGen      total 235520K, used 0K [0x00000000eab00000, 0x00000000fea80000, 0x0000000100000000)
  eden space 186880K, 0% used [0x00000000eab00000,0x00000000eab00000,0x00000000f6180000)
  from space 48640K, 0% used [0x00000000fbb00000,0x00000000fbb00000,0x00000000fea80000)
  to   space 70144K, 0% used [0x00000000f6180000,0x00000000f6180000,0x00000000fa600000)
 ParOldGen       total 236544K, used 122338K [0x00000000c0000000, 0x00000000ce700000, 0x00000000eab00000)
  object space 236544K, 51% used [0x00000000c0000000,0x00000000c7778a00,0x00000000ce700000)
 Metaspace       used 6548K, capacity 7256K, committed 7424K, reserved 1056768K
  class space    used 624K, capacity 656K, committed 768K, reserved 1048576K
}

