# JRE version: Java(TM) SE Runtime Environment (8.0_65-b17) (build 1.8.0_65-b17)
# Java VM: Java HotSpot(TM) 64-Bit Server VM (25.65-b01 mixed mode windows-amd64 compressed oops)
Heap:
 PSYoungGen      total 232960K, used 134518K [0x00000000eab00000, 0x0000000100000000, 0x0000000100000000)
  eden space 116736K, 97% used [0x00000000eab00000,0x00000000f1a59c08,0x00000000f1d00000)
  from space 116224K, 17% used [0x00000000f8e80000,0x00000000fa283e90,0x0000000100000000)
  to   space 116224K, 0% used [0x00000000f1d00000,0x00000000f1d00000,0x00000000f8e80000)
 ParOldGen       total 335872K, used 247146K [0x00000000c0000000, 0x00000000d4800000, 0x00000000eab00000)
  object space 335872K, 73% used [0x00000000c0000000,0x00000000cf15ab38,0x00000000d4800000)
 Metaspace       used 6567K, capacity 7256K, committed 7424K, reserved 1056768K
  class space    used 625K, capacity 656K, committed 768K, reserved 1048576K
GC Heap History (10 events):
Event: 44.593 GC heap before
{Heap before GC invocations=14 (full 3):
 PSYoungGen      total 190464K, used 116736K [0x00000000eab00000, 0x0000000100000000, 0x0000000100000000)
  eden space 116736K, 100% used [0x00000000eab00000,0x00000000f1d00000,0x00000000f1d00000)
  from space 73728K, 0% used [0x00000000fb800000,0x00000000fb800000,0x0000000100000000)
  to   space 116224K, 0% used [0x00000000f1d00000,0x00000000f1d00000,0x00000000f8e80000)
 ParOldGen       total 202752K, used 101702K [0x00000000c0000000, 0x00000000cc600000, 0x00000000eab00000)
  object space 202752K, 50% used [0x00000000c0000000,0x00000000c6351ae8,0x00000000cc600000)
 Metaspace       used 6552K, capacity 7256K, committed 7424K, reserved 1056768K
  class space    used 624K, capacity 656K, committed 768K, reserved 1048576K
Event: 44.630 GC heap after
Heap after GC invocations=14 (full 3):
 PSYoungGen      total 232960K, used 60620K [0x00000000eab00000, 0x0000000100000000, 0x0000000100000000)
  eden space 116736K, 0% used [0x00000000eab00000,0x00000000eab00000,0x00000000f1d00000)
  from space 116224K, 52% used [0x00000000f1d00000,0x00000000f5833300,0x00000000f8e80000)
  to   space 116224K, 0% used [0x00000000f8e80000,0x00000000f8e80000,0x0000000100000000)
 ParOldGen       total 202752K, used 101702K [0x00000000c0000000, 0x00000000cc600000, 0x00000000eab00000)
  object space 202752K, 50% used [0x00000000c0000000,0x00000000c6351ae8,0x00000000cc600000)
 Metaspace       used 6552K, capacity 7256K, committed 7424K, reserved 1056768K
  class space    used 624K, capacity 656K, committed 768K, reserved 1048576K
}
Event: 44.774 GC heap before
{Heap before GC invocations=15 (full 3):
 PSYoungGen      total 232960K, used 177356K [0x00000000eab00000, 0x0000000100000000, 0x0000000100000000)
  eden space 116736K, 100% used [0x00000000eab00000,0x00000000f1d00000,0x00000000f1d00000)
  from space 116224K, 52% used [0x00000000f1d00000,0x00000000f5833300,0x00000000f8e80000)
  to   space 116224K, 0% used [0x00000000f8e80000,0x00000000f8e80000,0x0000000100000000)
 ParOldGen       total 202752K, used 101702K [0x00000000c0000000, 0x00000000cc600000, 0x00000000eab00000)
  object space 202752K, 50% used [0x00000000c0000000,0x00000000c6351ae8,0x00000000cc600000)
 Metaspace       used 6552K, capacity 7256K, committed 7424K, reserved 1056768K
  class space    used 624K, capacity 656K, committed 768K, reserved 1048576K
Event: 44.929 GC heap after
Heap after GC invocations=15 (full 3):
 PSYoungGen      total 232960K, used 74098K [0x00000000eab00000, 0x0000000100000000, 0x0000000100000000)
  eden space 116736K, 0% used [0x00000000eab00000,0x00000000eab00000,0x00000000f1d00000)
  from space 116224K, 63% used [0x00000000f8e80000,0x00000000fd6dcb68,0x0000000100000000)
  to   space 116224K, 0% used [0x00000000f1d00000,0x00000000f1d00000,0x00000000f8e80000)
 ParOldGen       total 202752K, used 164598K [0x00000000c0000000, 0x00000000cc600000, 0x00000000eab00000)
  object space 202752K, 81% used [0x00000000c0000000,0x00000000ca0bda90,0x00000000cc600000)
 Metaspace       used 6552K, capacity 7256K, committed 7424K, reserved 1056768K
  class space    used 624K, capacity 656K, committed 768K, reserved 1048576K
}
Event: 44.929 GC heap before
{Heap before GC invocations=16 (full 4):
 PSYoungGen      total 232960K, used 74098K [0x00000000eab00000, 0x0000000100000000, 0x0000000100000000)
  eden space 116736K, 0% used [0x00000000eab00000,0x00000000eab00000,0x00000000f1d00000)
  from space 116224K, 63% used [0x00000000f8e80000,0x00000000fd6dcb68,0x0000000100000000)
  to   space 116224K, 0% used [0x00000000f1d00000,0x00000000f1d00000,0x00000000f8e80000)
 ParOldGen       total 202752K, used 164598K [0x00000000c0000000, 0x00000000cc600000, 0x00000000eab00000)
  object space 202752K, 81% used [0x00000000c0000000,0x00000000ca0bda90,0x00000000cc600000)
 Metaspace       used 6552K, capacity 7256K, committed 7424K, reserved 1056768K
  class space    used 624K, capacity 656K, committed 768K, reserved 1048576K
Event: 46.013 GC heap after
Heap after GC invocations=16 (full 4):
 PSYoungGen      total 232960K, used 24781K [0x00000000eab00000, 0x0000000100000000, 0x0000000100000000)
  eden space 116736K, 0% used [0x00000000eab00000,0x00000000eab00000,0x00000000f1d00000)
  from space 116224K, 21% used [0x00000000f8e80000,0x00000000fa6b37a8,0x0000000100000000)
  to   space 116224K, 0% used [0x00000000f1d00000,0x00000000f1d00000,0x00000000f8e80000)
 ParOldGen       total 335872K, used 202482K [0x00000000c0000000, 0x00000000d4800000, 0x00000000eab00000)
  object space 335872K, 60% used [0x00000000c0000000,0x00000000cc5bc900,0x00000000d4800000)
 Metaspace       used 6552K, capacity 7256K, committed 7424K, reserved 1056768K
  class space    used 624K, capacity 656K, committed 768K, reserved 1048576K
}
Event: 46.223 GC heap before
{Heap before GC invocations=17 (full 4):
 PSYoungGen      total 232960K, used 141517K [0x00000000eab00000, 0x0000000100000000, 0x0000000100000000)
  eden space 116736K, 100% used [0x00000000eab00000,0x00000000f1d00000,0x00000000f1d00000)
  from space 116224K, 21% used [0x00000000f8e80000,0x00000000fa6b37a8,0x0000000100000000)
  to   space 116224K, 0% used [0x00000000f1d00000,0x00000000f1d00000,0x00000000f8e80000)
 ParOldGen       total 335872K, used 202482K [0x00000000c0000000, 0x00000000d4800000, 0x00000000eab00000)
  object space 335872K, 60% used [0x00000000c0000000,0x00000000cc5bc900,0x00000000d4800000)
 Metaspace       used 6553K, capacity 7256K, committed 7424K, reserved 1056768K
  class space    used 624K, capacity 656K, committed 768K, reserved 1048576K
Event: 46.397 GC heap after
Heap after GC invocations=17 (full 4):
 PSYoungGen      total 232960K, used 22787K [0x00000000eab00000, 0x0000000100000000, 0x0000000100000000)
  eden space 116736K, 0% used [0x00000000eab00000,0x00000000eab00000,0x00000000f1d00000)
  from space 116224K, 19% used [0x00000000f1d00000,0x00000000f3340fc0,0x00000000f8e80000)
  to   space 116224K, 0% used [0x00000000f8e80000,0x00000000f8e80000,0x0000000100000000)
 ParOldGen       total 335872K, used 228594K [0x00000000c0000000, 0x00000000d4800000, 0x00000000eab00000)
  object space 335872K, 68% used [0x00000000c0000000,0x00000000cdf3c900,0x00000000d4800000)
 Metaspace       used 6553K, capacity 7256K, committed 7424K, reserved 1056768K
  class space    used 624K, capacity 656K, committed 768K, reserved 1048576K
}
Event: 46.908 GC heap before
{Heap before GC invocations=18 (full 4):
 PSYoungGen      total 232960K, used 139523K [0x00000000eab00000, 0x0000000100000000, 0x0000000100000000)
  eden space 116736K, 100% used [0x00000000eab00000,0x00000000f1d00000,0x00000000f1d00000)
  from space 116224K, 19% used [0x00000000f1d00000,0x00000000f3340fc0,0x00000000f8e80000)
  to   space 116224K, 0% used [0x00000000f8e80000,0x00000000f8e80000,0x0000000100000000)
 ParOldGen       total 335872K, used 228594K [0x00000000c0000000, 0x00000000d4800000, 0x00000000eab00000)
  object space 335872K, 68% used [0x00000000c0000000,0x00000000cdf3c900,0x00000000d4800000)
 Metaspace       used 6560K, capacity 7256K, committed 7424K, reserved 1056768K
  class space    used 624K, capacity 656K, committed 768K, reserved 1048576K
Event: 47.235 GC heap after
Heap after GC invocations=18 (full 4):
 PSYoungGen      total 232960K, used 20495K [0x00000000eab00000, 0x0000000100000000, 0x0000000100000000)
  eden space 116736K, 0% used [0x00000000eab00000,0x00000000eab00000,0x00000000f1d00000)
  from space 116224K, 17% used [0x00000000f8e80000,0x00000000fa283e90,0x0000000100000000)
  to   space 116224K, 0% used [0x00000000f1d00000,0x00000000f1d00000,0x00000000f8e80000)
 ParOldGen       total 335872K, used 247146K [0x00000000c0000000, 0x00000000d4800000, 0x00000000eab00000)
  object space 335872K, 73% used [0x00000000c0000000,0x00000000cf15ab38,0x00000000d4800000)
 Metaspace       used 6560K, capacity 7256K, committed 7424K, reserved 1056768K
  class space    used 624K, capacity 656K, committed 768K, reserved 1048576K
}

