# JRE version: Java(TM) SE Runtime Environment (8.0_65-b17) (build 1.8.0_65-b17)
# Java VM: Java HotSpot(TM) 64-Bit Server VM (25.65-b01 mixed mode windows-amd64 compressed oops)
Heap:
 PSYoungGen      total 262144K, used 94668K [0x00000000eab00000, 0x0000000100000000, 0x0000000100000000)
  eden space 175104K, 19% used [0x00000000eab00000,0x00000000ecc230f0,0x00000000f5600000)
  from space 87040K, 69% used [0x00000000f5600000,0x00000000f9150020,0x00000000fab00000)
  to   space 87040K, 0% used [0x00000000fab00000,0x00000000fab00000,0x0000000100000000)
 ParOldGen       total 172032K, used 171750K [0x00000000c0000000, 0x00000000ca800000, 0x00000000eab00000)
  object space 172032K, 99% used [0x00000000c0000000,0x00000000ca7b9800,0x00000000ca800000)
 Metaspace       used 6531K, capacity 7192K, committed 7424K, reserved 1056768K
  class space    used 623K, capacity 656K, committed 768K, reserved 1048576K
GC Heap History (10 events):
Event: 28.936 GC heap before
{Heap before GC invocations=7 (full 0):
 PSYoungGen      total 138752K, used 138729K [0x00000000eab00000, 0x00000000f5400000, 0x0000000100000000)
  eden space 124416K, 100% used [0x00000000eab00000,0x00000000f2480000,0x00000000f2480000)
  from space 14336K, 99% used [0x00000000f3900000,0x00000000f46fa578,0x00000000f4700000)
  to   space 20992K, 0% used [0x00000000f2480000,0x00000000f2480000,0x00000000f3900000)
 ParOldGen       total 44032K, used 27835K [0x00000000c0000000, 0x00000000c2b00000, 0x00000000eab00000)
  object space 44032K, 63% used [0x00000000c0000000,0x00000000c1b2ee20,0x00000000c2b00000)
 Metaspace       used 6522K, capacity 7192K, committed 7424K, reserved 1056768K
  class space    used 622K, capacity 656K, committed 768K, reserved 1048576K
Event: 29.306 GC heap after
Heap after GC invocations=7 (full 0):
 PSYoungGen      total 145408K, used 20986K [0x00000000eab00000, 0x0000000100000000, 0x0000000100000000)
  eden space 124416K, 0% used [0x00000000eab00000,0x00000000eab00000,0x00000000f2480000)
  from space 20992K, 99% used [0x00000000f2480000,0x00000000f38fe8e0,0x00000000f3900000)
  to   space 64000K, 0% used [0x00000000fc180000,0x00000000fc180000,0x0000000100000000)
 ParOldGen       total 104448K, used 104137K [0x00000000c0000000, 0x00000000c6600000, 0x00000000eab00000)
  object space 104448K, 99% used [0x00000000c0000000,0x00000000c65b2410,0x00000000c6600000)
 Metaspace       used 6522K, capacity 7192K, committed 7424K, reserved 1056768K
  class space    used 622K, capacity 656K, committed 768K, reserved 1048576K
}
Event: 29.306 GC heap before
{Heap before GC invocations=8 (full 1):
 PSYoungGen      total 145408K, used 20986K [0x00000000eab00000, 0x0000000100000000, 0x0000000100000000)
  eden space 124416K, 0% used [0x00000000eab00000,0x00000000eab00000,0x00000000f2480000)
  from space 20992K, 99% used [0x00000000f2480000,0x00000000f38fe8e0,0x00000000f3900000)
  to   space 64000K, 0% used [0x00000000fc180000,0x00000000fc180000,0x0000000100000000)
 ParOldGen       total 104448K, used 104137K [0x00000000c0000000, 0x00000000c6600000, 0x00000000eab00000)
  object space 104448K, 99% used [0x00000000c0000000,0x00000000c65b2410,0x00000000c6600000)
 Metaspace       used 6522K, capacity 7192K, committed 7424K, reserved 1056768K
  class space    used 622K, capacity 656K, committed 768K, reserved 1048576K
Event: 30.694 GC heap after
Heap after GC invocations=8 (full 1):
 PSYoungGen      total 145408K, used 6617K [0x00000000eab00000, 0x0000000100000000, 0x0000000100000000)
  eden space 124416K, 0% used [0x00000000eab00000,0x00000000eab00000,0x00000000f2480000)
  from space 20992K, 31% used [0x00000000f2480000,0x00000000f2af6640,0x00000000f3900000)
  to   space 64000K, 0% used [0x00000000fc180000,0x00000000fc180000,0x0000000100000000)
 ParOldGen       total 172032K, used 103987K [0x00000000c0000000, 0x00000000ca800000, 0x00000000eab00000)
  object space 172032K, 60% used [0x00000000c0000000,0x00000000c658cd90,0x00000000ca800000)
 Metaspace       used 6522K, capacity 7192K, committed 7424K, reserved 1056768K
  class space    used 622K, capacity 656K, committed 768K, reserved 1048576K
}
Event: 30.767 GC heap before
{Heap before GC invocations=9 (full 1):
 PSYoungGen      total 145408K, used 131033K [0x00000000eab00000, 0x0000000100000000, 0x0000000100000000)
  eden space 124416K, 100% used [0x00000000eab00000,0x00000000f2480000,0x00000000f2480000)
  from space 20992K, 31% used [0x00000000f2480000,0x00000000f2af6640,0x00000000f3900000)
  to   space 64000K, 0% used [0x00000000fc180000,0x00000000fc180000,0x0000000100000000)
 ParOldGen       total 172032K, used 103987K [0x00000000c0000000, 0x00000000ca800000, 0x00000000eab00000)
  object space 172032K, 60% used [0x00000000c0000000,0x00000000c658cd90,0x00000000ca800000)
 Metaspace       used 6522K, capacity 7192K, committed 7424K, reserved 1056768K
  class space    used 622K, capacity 656K, committed 768K, reserved 1048576K
Event: 31.565 GC heap after
Heap after GC invocations=9 (full 1):
 PSYoungGen      total 239104K, used 63970K [0x00000000eab00000, 0x0000000100000000, 0x0000000100000000)
  eden space 175104K, 0% used [0x00000000eab00000,0x00000000eab00000,0x00000000f5600000)
  from space 64000K, 99% used [0x00000000fc180000,0x00000000ffff8950,0x0000000100000000)
  to   space 87040K, 0% used [0x00000000f5600000,0x00000000f5600000,0x00000000fab00000)
 ParOldGen       total 172032K, used 125475K [0x00000000c0000000, 0x00000000ca800000, 0x00000000eab00000)
  object space 172032K, 72% used [0x00000000c0000000,0x00000000c7a88d90,0x00000000ca800000)
 Metaspace       used 6522K, capacity 7192K, committed 7424K, reserved 1056768K
  class space    used 622K, capacity 656K, committed 768K, reserved 1048576K
}
Event: 33.472 GC heap before
{Heap before GC invocations=10 (full 1):
 PSYoungGen      total 239104K, used 239074K [0x00000000eab00000, 0x0000000100000000, 0x0000000100000000)
  eden space 175104K, 100% used [0x00000000eab00000,0x00000000f5600000,0x00000000f5600000)
  from space 64000K, 99% used [0x00000000fc180000,0x00000000ffff8950,0x0000000100000000)
  to   space 87040K, 0% used [0x00000000f5600000,0x00000000f5600000,0x00000000fab00000)
 ParOldGen       total 172032K, used 125475K [0x00000000c0000000, 0x00000000ca800000, 0x00000000eab00000)
  object space 172032K, 72% used [0x00000000c0000000,0x00000000c7a88d90,0x00000000ca800000)
 Metaspace       used 6531K, capacity 7192K, committed 7424K, reserved 1056768K
  class space    used 623K, capacity 656K, committed 768K, reserved 1048576K
Event: 34.061 GC heap after
Heap after GC invocations=10 (full 1):
 PSYoungGen      total 262144K, used 87039K [0x00000000eab00000, 0x0000000100000000, 0x0000000100000000)
  eden space 175104K, 0% used [0x00000000eab00000,0x00000000eab00000,0x00000000f5600000)
  from space 87040K, 99% used [0x00000000f5600000,0x00000000faaffcc0,0x00000000fab00000)
  to   space 87040K, 0% used [0x00000000fab00000,0x00000000fab00000,0x0000000100000000)
 ParOldGen       total 172032K, used 149315K [0x00000000c0000000, 0x00000000ca800000, 0x00000000eab00000)
  object space 172032K, 86% used [0x00000000c0000000,0x00000000c91d0f40,0x00000000ca800000)
 Metaspace       used 6531K, capacity 7192K, committed 7424K, reserved 1056768K
  class space    used 623K, capacity 656K, committed 768K, reserved 1048576K
}
Event: 34.062 GC heap before
{Heap before GC invocations=11 (full 2):
 PSYoungGen      total 262144K, used 87039K [0x00000000eab00000, 0x0000000100000000, 0x0000000100000000)
  eden space 175104K, 0% used [0x00000000eab00000,0x00000000eab00000,0x00000000f5600000)
  from space 87040K, 99% used [0x00000000f5600000,0x00000000faaffcc0,0x00000000fab00000)
  to   space 87040K, 0% used [0x00000000fab00000,0x00000000fab00000,0x0000000100000000)
 ParOldGen       total 172032K, used 149315K [0x00000000c0000000, 0x00000000ca800000, 0x00000000eab00000)
  object space 172032K, 86% used [0x00000000c0000000,0x00000000c91d0f40,0x00000000ca800000)
 Metaspace       used 6531K, capacity 7192K, committed 7424K, reserved 1056768K
  class space    used 623K, capacity 656K, committed 768K, reserved 1048576K
Event: 37.380 GC heap after
Heap after GC invocations=11 (full 2):
 PSYoungGen      total 262144K, used 60736K [0x00000000eab00000, 0x0000000100000000, 0x0000000100000000)
  eden space 175104K, 0% used [0x00000000eab00000,0x00000000eab00000,0x00000000f5600000)
  from space 87040K, 69% used [0x00000000f5600000,0x00000000f9150020,0x00000000fab00000)
  to   space 87040K, 0% used [0x00000000fab00000,0x00000000fab00000,0x0000000100000000)
 ParOldGen       total 172032K, used 171750K [0x00000000c0000000, 0x00000000ca800000, 0x00000000eab00000)
  object space 172032K, 99% used [0x00000000c0000000,0x00000000ca7b9800,0x00000000ca800000)
 Metaspace       used 6531K, capacity 7192K, committed 7424K, reserved 1056768K
  class space    used 623K, capacity 656K, committed 768K, reserved 1048576K
}

